[2025-08-03 08:37:18] Session data at start:
[2025-08-03 08:37:18] Serial No: 15193
[2025-08-03 08:37:18] Student Data: Not set
[2025-08-03 08:37:18] Exam Results: Not set
[2025-08-03 08:37:18] No file uploaded or upload error: No file
[2025-08-03 09:59:16] Session data at start:
[2025-08-03 09:59:16] Serial No: 15193
[2025-08-03 09:59:16] Student Data: Not set
[2025-08-03 09:59:16] Exam Results: Not set
[2025-08-03 09:59:16] No file uploaded or upload error: No file
[2025-08-03 10:00:01] Session data at start:
[2025-08-03 10:00:01] Serial No: 15193
[2025-08-03 10:00:01] Student Data: Not set
[2025-08-03 10:00:01] Exam Results: Not set
[2025-08-03 10:00:01] Before saving registration data:
[2025-08-03 10:00:01] Student Data: Not set
[2025-08-03 10:00:01] Exam Results: Not set
[2025-08-03 10:00:01] Payment Data: Array
(
    [pay_date] => 2025-08-03
    [amount] => 35000
    [pay_method] => KBZ Pay
    [pay_slip_path] => uploads/payment_slips/slip_688f170141a032.44143695.png
    [academic_year] => 
    [student_class] => ပဉ္စမနှစ်
)

[2025-08-03 10:00:01] Save result: Array
(
    [status] => error
    [message] => Session data not found
)

[2025-08-03 10:00:01] Error saving data: Session data not found
[2025-08-03 10:00:57] Session data at start:
[2025-08-03 10:00:57] Serial No: 15193
[2025-08-03 10:00:57] Student Data: Not set
[2025-08-03 10:00:57] Exam Results: Not set
[2025-08-03 10:00:57] Before saving registration data:
[2025-08-03 10:00:57] Student Data: Not set
[2025-08-03 10:00:57] Exam Results: Not set
[2025-08-03 10:00:57] Payment Data: Array
(
    [pay_date] => 2025-08-03
    [amount] => 35000
    [pay_method] => KBZ Pay
    [pay_slip_path] => uploads/payment_slips/slip_688f17390b94e1.27062254.png
    [student_class] => ပဉ္စမနှစ်
)

[2025-08-03 10:00:57] Save result: Array
(
    [status] => error
    [message] => Session data not found
)

[2025-08-03 10:00:57] Error saving data: Session data not found
[2025-08-03 10:02:11] Session data at start:
[2025-08-03 10:02:11] Serial No: 15193
[2025-08-03 10:02:11] Student Data: Not set
[2025-08-03 10:02:11] Exam Results: Not set
[2025-08-03 10:02:11] Before saving registration data:
[2025-08-03 10:02:11] Student Data: Not set
[2025-08-03 10:02:11] Exam Results: Not set
[2025-08-03 10:02:11] Payment Data: Array
(
    [pay_date] => 2025-08-03
    [amount] => 35000
    [pay_method] => KBZ Pay
    [pay_slip_path] => uploads/payment_slips/slip_688f17832546f2.75538099.png
    [student_class] => ပဉ္စမနှစ်
)

[2025-08-03 10:02:11] Save result: Array
(
    [status] => error
    [message] => Session data not found
)

[2025-08-03 10:02:11] Error saving data: Session data not found
[2025-08-03 10:47:37] Session data at start:
[2025-08-03 10:47:37] Serial No: 15193
[2025-08-03 10:47:37] Student Data: Not set
[2025-08-03 10:47:37] Exam Results: Not set
[2025-08-03 10:47:37] No file uploaded or upload error: No file
[2025-08-03 11:08:23] Session data at start:
[2025-08-03 11:08:23] Serial No: 15193
[2025-08-03 11:08:23] Student Data: Not set
[2025-08-03 11:08:23] Exam Results: Not set
[2025-08-03 11:08:23] No file uploaded or upload error: No file
[2025-08-03 11:08:44] Session data at start:
[2025-08-03 11:08:44] Serial No: 15193
[2025-08-03 11:08:44] Student Data: Not set
[2025-08-03 11:08:44] Exam Results: Not set
[2025-08-03 11:08:44] Before saving registration data:
[2025-08-03 11:08:44] Student Data: Not set
[2025-08-03 11:08:44] Exam Results: Not set
[2025-08-03 11:08:44] Payment Data: Array
(
    [pay_date] => 2025-08-03
    [amount] => 35000
    [pay_method] => KBZ Pay
    [pay_slip_path] => uploads/payment_slips/slip_688f271c6fed99.88704768.png
    [student_class] => ပဉ္စမနှစ်
)

[2025-08-03 11:08:44] Save result: Array
(
    [status] => error
    [message] => Session data not found
)

[2025-08-03 11:08:44] Error saving data: Session data not found
[2025-08-03 14:15:36] Session data at start:
[2025-08-03 14:15:36] Serial No: 15193
[2025-08-03 14:15:36] Student Data: Not set
[2025-08-03 14:15:36] Exam Results: Not set
[2025-08-03 14:15:36] No file uploaded or upload error: No file
[2025-08-03 14:22:18] Session data at start:
[2025-08-03 14:22:18] Serial No: 15193
[2025-08-03 14:22:18] Student Data: Not set
[2025-08-03 14:22:18] Exam Results: Not set
[2025-08-03 14:22:18] Before saving registration data:
[2025-08-03 14:22:18] Student Data: Not set
[2025-08-03 14:22:18] Exam Results: Not set
[2025-08-03 14:22:18] Payment Data: Array
(
    [pay_date] => 2025-08-03
    [amount] => 35000
    [pay_method] => KBZ Pay
    [pay_slip_path] => uploads/payment_slips/slip_688f547a9937e3.07185415.png
    [student_class] => ပဉ္စမနှစ်
)

[2025-08-03 14:22:18] Save result: Array
(
    [status] => error
    [message] => Session data not found
)

[2025-08-03 14:22:18] Error saving data: Session data not found
[2025-08-03 17:14:32] Session data at start:
[2025-08-03 17:14:32] Serial No: 15193
[2025-08-03 17:14:32] Student Data: Not set
[2025-08-03 17:14:32] Exam Results: Not set
[2025-08-03 17:14:32] No file uploaded or upload error: No file
[2025-08-03 17:56:16] Session data at start:
[2025-08-03 17:56:16] Serial No: 15193
[2025-08-03 17:56:16] Student Data: Not set
[2025-08-03 17:56:16] Exam Results: Not set
[2025-08-03 17:56:16] No file uploaded or upload error: No file
[2025-08-03 17:57:33] Session data at start:
[2025-08-03 17:57:33] Serial No: 15193
[2025-08-03 17:57:33] Student Data: Not set
[2025-08-03 17:57:33] Exam Results: Not set
[2025-08-03 17:57:33] No file uploaded or upload error: No file
[2025-08-03 18:00:03] Session data at start:
[2025-08-03 18:00:03] Serial No: 15193
[2025-08-03 18:00:03] User ID: 11
[2025-08-03 18:00:03] Student Data: Not set
[2025-08-03 18:00:03] Exam Results: Not set
[2025-08-03 18:00:03] No file uploaded or upload error: No file
[2025-08-03 18:18:40] No file uploaded or upload error: No file
[2025-08-03 18:20:00] No file uploaded or upload error: No file
[2025-08-03 18:20:26] No file uploaded or upload error: No file
[2025-08-03 18:21:26] No file uploaded or upload error: No file
[2025-08-03 18:22:14] No file uploaded or upload error: No file
[2025-08-03 18:22:27] No file uploaded or upload error: No file
[2025-08-03 18:28:02] No file uploaded or upload error: No file
[2025-08-03 18:28:21] No file uploaded or upload error: No file
[2025-08-03 18:40:36] No file uploaded or upload error: No file
[2025-08-03 18:44:52] No file uploaded or upload error: No file
[2025-08-03 18:45:46] No file uploaded or upload error: No file
[2025-08-03 18:50:24] Session variables serial_no or user_id missing
[2025-08-03 18:50:24] No file uploaded or upload error: No file
[2025-08-03 18:50:28] Session variables serial_no or user_id missing
[2025-08-03 18:50:28] No file uploaded or upload error: No file
[2025-08-03 18:52:46] Session variables serial_no or user_id missing
[2025-08-03 18:52:46] No file uploaded or upload error: No file
[2025-08-03 18:56:00] No file or error code: No file uploaded
[2025-08-03 18:59:18] No file or error code: No file uploaded
[2025-08-03 19:00:30] No file or error code: No file uploaded
[2025-08-03 19:01:11] No file or error code: No file uploaded
[2025-08-03 19:01:27] No file or error code: No file uploaded
[2025-08-03 19:01:38] No file or error code: No file uploaded
[2025-08-03 19:02:39] No file or error code: No file uploaded
[2025-08-03 19:02:54] No file or error code: No file uploaded
[2025-08-03 19:03:25] No file or error code: No file uploaded
[2025-08-04 02:56:06] Session: Serial=123, User=11
[2025-08-04 02:56:06] No file or error code: No file uploaded
[2025-08-04 02:59:41] Session: Serial=15001, User=11
[2025-08-04 02:59:41] No file or error code: No file uploaded
[2025-08-04 03:00:03] Session: Serial=15001, User=11
[2025-08-04 03:00:03] No file or error code: No file uploaded
[2025-08-04 03:00:27] Session: Serial=15001, User=11
[2025-08-04 03:00:27] Saving registration: Array
(
    [pay_date] => 2025-08-04
    [amount] => 28000
    [pay_method] => KBZ Pay
    [pay_slip_path] => uploads/payment_slips/slip_6890062ba9a6c7.82982558.jpg
    [student_class] => ပထမနှစ်
)

[2025-08-04 04:22:19] Session: Serial=15193, User=7
[2025-08-04 04:22:19] No file or error code: No file uploaded
[2025-08-04 04:23:34] Session: Serial=15001, User=11
[2025-08-04 04:23:34] No file or error code: No file uploaded
[2025-08-04 04:23:51] Session: Serial=15001, User=11
[2025-08-04 04:23:51] No file or error code: No file uploaded
[2025-08-04 04:30:50] Session: Serial=15001, User=11
[2025-08-04 04:31:46] Session: Serial=15001, User=11
[2025-08-04 04:32:01] Session: Serial=15001, User=11
[2025-08-04 04:33:00] Session: Serial=15001, User=11
[2025-08-04 04:35:00] Session: Serial=15001, User=11
[2025-08-04 04:38:37] Session: Serial=15001, User=11
[2025-08-04 04:41:56] Session: Serial=15001, User=11
[2025-08-04 04:46:06] Session: Serial=15001, User=11
[2025-08-04 04:55:28] Session: Serial=15001, User=11
